2022-12-11 17:46:02,884:INFO:PyCaret Supervised Module
2022-12-11 17:46:02,884:INFO:ML Usecase: classification
2022-12-11 17:46:02,885:INFO:version 2.3.10
2022-12-11 17:46:02,885:INFO:Initializing setup()
2022-12-11 17:46:02,885:INFO:setup(target=HeartDisease, ml_usecase=classification, available_plots={'parameter': 'Hyperparameters', 'auc': 'AUC', 'confusion_matrix': 'Confusion Matrix', 'threshold': 'Threshold', 'pr': 'Precision Recall', 'error': 'Prediction Error', 'class_report': 'Class Report', 'rfe': 'Feature Selection', 'learning': 'Learning Curve', 'manifold': 'Manifold Learning', 'calibration': 'Calibration Curve', 'vc': 'Validation Curve', 'dimension': 'Dimensions', 'feature': 'Feature Importance', 'feature_all': 'Feature Importance (All)', 'boundary': 'Decision Boundary', 'lift': 'Lift Chart', 'gain': 'Gain Chart', 'tree': 'Decision Tree', 'ks': 'KS Statistic Plot'}, train_size=0.7, test_data=None, preprocess=True, imputation_type=simple, iterative_imputation_iters=5, categorical_features=None, categorical_imputation=constant, categorical_iterative_imputer=lightgbm, ordinal_features=None, high_cardinality_features=None, high_cardinality_method=frequency, numeric_features=None, numeric_imputation=mean, numeric_iterative_imputer=lightgbm, date_features=None, ignore_features=None, normalize=False, normalize_method=zscore, transformation=False, transformation_method=yeo-johnson, handle_unknown_categorical=True, unknown_categorical_method=least_frequent, pca=False, pca_method=linear, pca_components=None, ignore_low_variance=False, combine_rare_levels=False, rare_level_threshold=0.1, bin_numeric_features=None, remove_outliers=False, outliers_threshold=0.05, remove_multicollinearity=False, multicollinearity_threshold=0.9, remove_perfect_collinearity=True, create_clusters=False, cluster_iter=20, polynomial_features=False, polynomial_degree=2, trigonometry_features=False, polynomial_threshold=0.1, group_features=None, group_names=None, feature_selection=False, feature_selection_threshold=0.8, feature_selection_method=classic, feature_interaction=False, feature_ratio=False, interaction_threshold=0.01, fix_imbalance=False, fix_imbalance_method=None, transform_target=False, transform_target_method=box-cox, data_split_shuffle=True, data_split_stratify=False, fold_strategy=stratifiedkfold, fold=10, fold_shuffle=False, fold_groups=None, n_jobs=-1, use_gpu=False, custom_pipeline=None, html=True, session_id=None, log_experiment=False, experiment_name=None, experiment_custom_tags=None, log_plots=False, log_profile=False, log_data=False, silent=False, verbose=True, profile=False, profile_kwargs=None, display=None)
2022-12-11 17:46:02,885:INFO:Checking environment
2022-12-11 17:46:02,886:INFO:python_version: 3.7.9
2022-12-11 17:46:02,886:INFO:python_build: ('default', 'Aug 31 2020 07:22:35')
2022-12-11 17:46:02,886:INFO:machine: x86_64
2022-12-11 17:46:02,929:INFO:platform: Darwin-20.6.0-x86_64-i386-64bit
2022-12-11 17:46:02,933:INFO:Memory: svmem(total=34359738368, available=18105016320, percent=47.3, used=15264243712, free=7010828288, active=11096010752, inactive=10355924992, wired=4168232960)
2022-12-11 17:46:02,934:INFO:Physical Core: 4
2022-12-11 17:46:02,934:INFO:Logical Core: 8
2022-12-11 17:46:02,934:INFO:Checking libraries
2022-12-11 17:46:02,934:INFO:pd==1.3.5
2022-12-11 17:46:02,934:INFO:numpy==1.21.5
2022-12-11 17:46:02,934:INFO:sklearn==1.0.2
2022-12-11 17:47:16,182:INFO:PyCaret Supervised Module
2022-12-11 17:47:16,182:INFO:ML Usecase: classification
2022-12-11 17:47:16,182:INFO:version 2.3.10
2022-12-11 17:47:16,182:INFO:Initializing setup()
2022-12-11 17:47:16,182:INFO:setup(target=HeartDisease, ml_usecase=classification, available_plots={'parameter': 'Hyperparameters', 'auc': 'AUC', 'confusion_matrix': 'Confusion Matrix', 'threshold': 'Threshold', 'pr': 'Precision Recall', 'error': 'Prediction Error', 'class_report': 'Class Report', 'rfe': 'Feature Selection', 'learning': 'Learning Curve', 'manifold': 'Manifold Learning', 'calibration': 'Calibration Curve', 'vc': 'Validation Curve', 'dimension': 'Dimensions', 'feature': 'Feature Importance', 'feature_all': 'Feature Importance (All)', 'boundary': 'Decision Boundary', 'lift': 'Lift Chart', 'gain': 'Gain Chart', 'tree': 'Decision Tree', 'ks': 'KS Statistic Plot'}, train_size=0.7, test_data=None, preprocess=True, imputation_type=simple, iterative_imputation_iters=5, categorical_features=None, categorical_imputation=constant, categorical_iterative_imputer=lightgbm, ordinal_features=None, high_cardinality_features=None, high_cardinality_method=frequency, numeric_features=None, numeric_imputation=mean, numeric_iterative_imputer=lightgbm, date_features=None, ignore_features=None, normalize=False, normalize_method=zscore, transformation=False, transformation_method=yeo-johnson, handle_unknown_categorical=True, unknown_categorical_method=least_frequent, pca=False, pca_method=linear, pca_components=None, ignore_low_variance=False, combine_rare_levels=False, rare_level_threshold=0.1, bin_numeric_features=None, remove_outliers=False, outliers_threshold=0.05, remove_multicollinearity=False, multicollinearity_threshold=0.9, remove_perfect_collinearity=True, create_clusters=False, cluster_iter=20, polynomial_features=False, polynomial_degree=2, trigonometry_features=False, polynomial_threshold=0.1, group_features=None, group_names=None, feature_selection=False, feature_selection_threshold=0.8, feature_selection_method=classic, feature_interaction=False, feature_ratio=False, interaction_threshold=0.01, fix_imbalance=False, fix_imbalance_method=None, transform_target=False, transform_target_method=box-cox, data_split_shuffle=True, data_split_stratify=True, fold_strategy=stratifiedkfold, fold=10, fold_shuffle=False, fold_groups=None, n_jobs=-1, use_gpu=False, custom_pipeline=None, html=True, session_id=None, log_experiment=False, experiment_name=None, experiment_custom_tags=None, log_plots=False, log_profile=False, log_data=False, silent=False, verbose=True, profile=False, profile_kwargs=None, display=None)
2022-12-11 17:47:16,183:INFO:Checking environment
2022-12-11 17:47:16,183:INFO:python_version: 3.7.9
2022-12-11 17:47:16,183:INFO:python_build: ('default', 'Aug 31 2020 07:22:35')
2022-12-11 17:47:16,183:INFO:machine: x86_64
2022-12-11 17:47:16,183:INFO:platform: Darwin-20.6.0-x86_64-i386-64bit
2022-12-11 17:47:16,183:INFO:Memory: svmem(total=34359738368, available=18138984448, percent=47.2, used=15227244544, free=7082426368, active=11064520704, inactive=10324389888, wired=4162723840)
2022-12-11 17:47:16,183:INFO:Physical Core: 4
2022-12-11 17:47:16,183:INFO:Logical Core: 8
2022-12-11 17:47:16,184:INFO:Checking libraries
2022-12-11 17:47:16,184:INFO:pd==1.3.5
2022-12-11 17:47:16,184:INFO:numpy==1.21.5
2022-12-11 17:47:16,184:INFO:sklearn==1.0.2
2022-12-11 17:47:59,384:INFO:PyCaret Supervised Module
2022-12-11 17:47:59,384:INFO:ML Usecase: classification
2022-12-11 17:47:59,384:INFO:version 2.3.10
2022-12-11 17:47:59,384:INFO:Initializing setup()
2022-12-11 17:47:59,384:INFO:setup(target=HeartDisease, ml_usecase=classification, available_plots={'parameter': 'Hyperparameters', 'auc': 'AUC', 'confusion_matrix': 'Confusion Matrix', 'threshold': 'Threshold', 'pr': 'Precision Recall', 'error': 'Prediction Error', 'class_report': 'Class Report', 'rfe': 'Feature Selection', 'learning': 'Learning Curve', 'manifold': 'Manifold Learning', 'calibration': 'Calibration Curve', 'vc': 'Validation Curve', 'dimension': 'Dimensions', 'feature': 'Feature Importance', 'feature_all': 'Feature Importance (All)', 'boundary': 'Decision Boundary', 'lift': 'Lift Chart', 'gain': 'Gain Chart', 'tree': 'Decision Tree', 'ks': 'KS Statistic Plot'}, train_size=0.7, test_data=None, preprocess=True, imputation_type=simple, iterative_imputation_iters=5, categorical_features=None, categorical_imputation=constant, categorical_iterative_imputer=lightgbm, ordinal_features=None, high_cardinality_features=None, high_cardinality_method=frequency, numeric_features=None, numeric_imputation=mean, numeric_iterative_imputer=lightgbm, date_features=None, ignore_features=None, normalize=False, normalize_method=zscore, transformation=False, transformation_method=yeo-johnson, handle_unknown_categorical=True, unknown_categorical_method=least_frequent, pca=False, pca_method=linear, pca_components=None, ignore_low_variance=False, combine_rare_levels=False, rare_level_threshold=0.1, bin_numeric_features=None, remove_outliers=False, outliers_threshold=0.05, remove_multicollinearity=False, multicollinearity_threshold=0.9, remove_perfect_collinearity=True, create_clusters=False, cluster_iter=20, polynomial_features=False, polynomial_degree=2, trigonometry_features=False, polynomial_threshold=0.1, group_features=None, group_names=None, feature_selection=False, feature_selection_threshold=0.8, feature_selection_method=classic, feature_interaction=False, feature_ratio=False, interaction_threshold=0.01, fix_imbalance=False, fix_imbalance_method=None, transform_target=False, transform_target_method=box-cox, data_split_shuffle=True, data_split_stratify=True, fold_strategy=stratifiedkfold, fold=10, fold_shuffle=False, fold_groups=None, n_jobs=-1, use_gpu=False, custom_pipeline=None, html=True, session_id=None, log_experiment=False, experiment_name=None, experiment_custom_tags=None, log_plots=False, log_profile=False, log_data=False, silent=False, verbose=True, profile=False, profile_kwargs=None, display=None)
2022-12-11 17:47:59,384:INFO:Checking environment
2022-12-11 17:47:59,384:INFO:python_version: 3.7.9
2022-12-11 17:47:59,385:INFO:python_build: ('default', 'Aug 31 2020 07:22:35')
2022-12-11 17:47:59,385:INFO:machine: x86_64
2022-12-11 17:47:59,385:INFO:platform: Darwin-20.6.0-x86_64-i386-64bit
2022-12-11 17:47:59,385:INFO:Memory: svmem(total=34359738368, available=17903681536, percent=47.9, used=15462846464, free=6553915392, active=11336110080, inactive=10619424768, wired=4126736384)
2022-12-11 17:47:59,385:INFO:Physical Core: 4
2022-12-11 17:47:59,385:INFO:Logical Core: 8
2022-12-11 17:47:59,385:INFO:Checking libraries
2022-12-11 17:47:59,385:INFO:pd==1.3.5
2022-12-11 17:47:59,385:INFO:numpy==1.21.5
2022-12-11 17:47:59,385:INFO:sklearn==1.0.2
2022-12-11 17:48:53,794:INFO:PyCaret Supervised Module
2022-12-11 17:48:53,795:INFO:ML Usecase: classification
2022-12-11 17:48:53,795:INFO:version 2.3.10
2022-12-11 17:48:53,796:INFO:Initializing setup()
2022-12-11 17:48:53,796:INFO:setup(target=HeartDisease, ml_usecase=classification, available_plots={'parameter': 'Hyperparameters', 'auc': 'AUC', 'confusion_matrix': 'Confusion Matrix', 'threshold': 'Threshold', 'pr': 'Precision Recall', 'error': 'Prediction Error', 'class_report': 'Class Report', 'rfe': 'Feature Selection', 'learning': 'Learning Curve', 'manifold': 'Manifold Learning', 'calibration': 'Calibration Curve', 'vc': 'Validation Curve', 'dimension': 'Dimensions', 'feature': 'Feature Importance', 'feature_all': 'Feature Importance (All)', 'boundary': 'Decision Boundary', 'lift': 'Lift Chart', 'gain': 'Gain Chart', 'tree': 'Decision Tree', 'ks': 'KS Statistic Plot'}, train_size=0.7, test_data=None, preprocess=True, imputation_type=simple, iterative_imputation_iters=5, categorical_features=None, categorical_imputation=constant, categorical_iterative_imputer=lightgbm, ordinal_features=None, high_cardinality_features=None, high_cardinality_method=frequency, numeric_features=None, numeric_imputation=mean, numeric_iterative_imputer=lightgbm, date_features=None, ignore_features=None, normalize=False, normalize_method=zscore, transformation=False, transformation_method=yeo-johnson, handle_unknown_categorical=True, unknown_categorical_method=least_frequent, pca=False, pca_method=linear, pca_components=None, ignore_low_variance=False, combine_rare_levels=False, rare_level_threshold=0.1, bin_numeric_features=None, remove_outliers=False, outliers_threshold=0.05, remove_multicollinearity=False, multicollinearity_threshold=0.9, remove_perfect_collinearity=True, create_clusters=False, cluster_iter=20, polynomial_features=False, polynomial_degree=2, trigonometry_features=False, polynomial_threshold=0.1, group_features=None, group_names=None, feature_selection=False, feature_selection_threshold=0.8, feature_selection_method=classic, feature_interaction=False, feature_ratio=False, interaction_threshold=0.01, fix_imbalance=False, fix_imbalance_method=None, transform_target=False, transform_target_method=box-cox, data_split_shuffle=True, data_split_stratify=True, fold_strategy=stratifiedkfold, fold=10, fold_shuffle=False, fold_groups=None, n_jobs=-1, use_gpu=False, custom_pipeline=None, html=True, session_id=None, log_experiment=False, experiment_name=None, experiment_custom_tags=None, log_plots=False, log_profile=False, log_data=False, silent=False, verbose=True, profile=False, profile_kwargs=None, display=None)
2022-12-11 17:48:53,796:INFO:Checking environment
2022-12-11 17:48:53,797:INFO:python_version: 3.7.9
2022-12-11 17:48:53,797:INFO:python_build: ('default', 'Aug 31 2020 07:22:35')
2022-12-11 17:48:53,797:INFO:machine: x86_64
2022-12-11 17:48:53,797:INFO:platform: Darwin-20.6.0-x86_64-i386-64bit
2022-12-11 17:48:53,797:INFO:Memory: svmem(total=34359738368, available=17594658816, percent=48.8, used=15770673152, free=5903912960, active=11605876736, inactive=10946584576, wired=4164796416)
2022-12-11 17:48:53,797:INFO:Physical Core: 4
2022-12-11 17:48:53,798:INFO:Logical Core: 8
2022-12-11 17:48:53,798:INFO:Checking libraries
2022-12-11 17:48:53,798:INFO:pd==1.3.5
2022-12-11 17:48:53,798:INFO:numpy==1.21.5
2022-12-11 17:48:53,798:INFO:sklearn==1.0.2
2022-12-11 17:49:09,785:INFO:PyCaret Supervised Module
2022-12-11 17:49:09,786:INFO:ML Usecase: classification
2022-12-11 17:49:09,786:INFO:version 2.3.10
2022-12-11 17:49:09,786:INFO:Initializing setup()
2022-12-11 17:49:09,786:INFO:setup(target=HeartDisease, ml_usecase=classification, available_plots={'parameter': 'Hyperparameters', 'auc': 'AUC', 'confusion_matrix': 'Confusion Matrix', 'threshold': 'Threshold', 'pr': 'Precision Recall', 'error': 'Prediction Error', 'class_report': 'Class Report', 'rfe': 'Feature Selection', 'learning': 'Learning Curve', 'manifold': 'Manifold Learning', 'calibration': 'Calibration Curve', 'vc': 'Validation Curve', 'dimension': 'Dimensions', 'feature': 'Feature Importance', 'feature_all': 'Feature Importance (All)', 'boundary': 'Decision Boundary', 'lift': 'Lift Chart', 'gain': 'Gain Chart', 'tree': 'Decision Tree', 'ks': 'KS Statistic Plot'}, train_size=0.7, test_data=None, preprocess=True, imputation_type=simple, iterative_imputation_iters=5, categorical_features=None, categorical_imputation=constant, categorical_iterative_imputer=lightgbm, ordinal_features=None, high_cardinality_features=None, high_cardinality_method=frequency, numeric_features=None, numeric_imputation=mean, numeric_iterative_imputer=lightgbm, date_features=None, ignore_features=None, normalize=False, normalize_method=zscore, transformation=False, transformation_method=yeo-johnson, handle_unknown_categorical=True, unknown_categorical_method=least_frequent, pca=False, pca_method=linear, pca_components=None, ignore_low_variance=False, combine_rare_levels=False, rare_level_threshold=0.1, bin_numeric_features=None, remove_outliers=False, outliers_threshold=0.05, remove_multicollinearity=False, multicollinearity_threshold=0.9, remove_perfect_collinearity=True, create_clusters=False, cluster_iter=20, polynomial_features=False, polynomial_degree=2, trigonometry_features=False, polynomial_threshold=0.1, group_features=None, group_names=None, feature_selection=False, feature_selection_threshold=0.8, feature_selection_method=classic, feature_interaction=False, feature_ratio=False, interaction_threshold=0.01, fix_imbalance=False, fix_imbalance_method=None, transform_target=False, transform_target_method=box-cox, data_split_shuffle=True, data_split_stratify=True, fold_strategy=stratifiedkfold, fold=10, fold_shuffle=False, fold_groups=None, n_jobs=-1, use_gpu=False, custom_pipeline=None, html=True, session_id=None, log_experiment=False, experiment_name=None, experiment_custom_tags=None, log_plots=False, log_profile=False, log_data=False, silent=False, verbose=True, profile=False, profile_kwargs=None, display=None)
2022-12-11 17:49:09,786:INFO:Checking environment
2022-12-11 17:49:09,786:INFO:python_version: 3.7.9
2022-12-11 17:49:09,787:INFO:python_build: ('default', 'Aug 31 2020 07:22:35')
2022-12-11 17:49:09,787:INFO:machine: x86_64
2022-12-11 17:49:09,787:INFO:platform: Darwin-20.6.0-x86_64-i386-64bit
2022-12-11 17:49:09,788:INFO:Memory: svmem(total=34359738368, available=17757835264, percent=48.3, used=15606464512, free=6184275968, active=11462713344, inactive=10804314112, wired=4143751168)
2022-12-11 17:49:09,788:INFO:Physical Core: 4
2022-12-11 17:49:09,788:INFO:Logical Core: 8
2022-12-11 17:49:09,788:INFO:Checking libraries
2022-12-11 17:49:09,788:INFO:pd==1.3.5
2022-12-11 17:49:09,788:INFO:numpy==1.21.5
2022-12-11 17:49:09,788:INFO:sklearn==1.0.2
2022-12-11 17:49:16,521:INFO:PyCaret Supervised Module
2022-12-11 17:49:16,521:INFO:ML Usecase: classification
2022-12-11 17:49:16,521:INFO:version 2.3.10
2022-12-11 17:49:16,521:INFO:Initializing setup()
2022-12-11 17:49:16,521:INFO:setup(target=HeartDisease, ml_usecase=classification, available_plots={'parameter': 'Hyperparameters', 'auc': 'AUC', 'confusion_matrix': 'Confusion Matrix', 'threshold': 'Threshold', 'pr': 'Precision Recall', 'error': 'Prediction Error', 'class_report': 'Class Report', 'rfe': 'Feature Selection', 'learning': 'Learning Curve', 'manifold': 'Manifold Learning', 'calibration': 'Calibration Curve', 'vc': 'Validation Curve', 'dimension': 'Dimensions', 'feature': 'Feature Importance', 'feature_all': 'Feature Importance (All)', 'boundary': 'Decision Boundary', 'lift': 'Lift Chart', 'gain': 'Gain Chart', 'tree': 'Decision Tree', 'ks': 'KS Statistic Plot'}, train_size=0.7, test_data=None, preprocess=True, imputation_type=simple, iterative_imputation_iters=5, categorical_features=None, categorical_imputation=constant, categorical_iterative_imputer=lightgbm, ordinal_features=None, high_cardinality_features=None, high_cardinality_method=frequency, numeric_features=None, numeric_imputation=mean, numeric_iterative_imputer=lightgbm, date_features=None, ignore_features=None, normalize=False, normalize_method=zscore, transformation=False, transformation_method=yeo-johnson, handle_unknown_categorical=True, unknown_categorical_method=least_frequent, pca=False, pca_method=linear, pca_components=None, ignore_low_variance=False, combine_rare_levels=False, rare_level_threshold=0.1, bin_numeric_features=None, remove_outliers=False, outliers_threshold=0.05, remove_multicollinearity=False, multicollinearity_threshold=0.9, remove_perfect_collinearity=True, create_clusters=False, cluster_iter=20, polynomial_features=False, polynomial_degree=2, trigonometry_features=False, polynomial_threshold=0.1, group_features=None, group_names=None, feature_selection=False, feature_selection_threshold=0.8, feature_selection_method=classic, feature_interaction=False, feature_ratio=False, interaction_threshold=0.01, fix_imbalance=False, fix_imbalance_method=None, transform_target=False, transform_target_method=box-cox, data_split_shuffle=True, data_split_stratify=True, fold_strategy=stratifiedkfold, fold=10, fold_shuffle=False, fold_groups=None, n_jobs=-1, use_gpu=False, custom_pipeline=None, html=True, session_id=None, log_experiment=False, experiment_name=None, experiment_custom_tags=None, log_plots=False, log_profile=False, log_data=False, silent=False, verbose=True, profile=False, profile_kwargs=None, display=None)
2022-12-11 17:49:16,521:INFO:Checking environment
2022-12-11 17:49:16,521:INFO:python_version: 3.7.9
2022-12-11 17:49:16,522:INFO:python_build: ('default', 'Aug 31 2020 07:22:35')
2022-12-11 17:49:16,523:INFO:machine: x86_64
2022-12-11 17:49:16,523:INFO:platform: Darwin-20.6.0-x86_64-i386-64bit
2022-12-11 17:49:16,523:INFO:Memory: svmem(total=34359738368, available=17757663232, percent=48.3, used=15606194176, free=6194462720, active=11435638784, inactive=10794991616, wired=4170555392)
2022-12-11 17:49:16,523:INFO:Physical Core: 4
2022-12-11 17:49:16,523:INFO:Logical Core: 8
2022-12-11 17:49:16,523:INFO:Checking libraries
2022-12-11 17:49:16,523:INFO:pd==1.3.5
2022-12-11 17:49:16,524:INFO:numpy==1.21.5
2022-12-11 17:49:16,524:INFO:sklearn==1.0.2
2022-12-11 17:54:42,422:INFO:PyCaret Supervised Module
2022-12-11 17:54:42,427:INFO:ML Usecase: classification
2022-12-11 17:54:42,428:INFO:version 2.3.10
2022-12-11 17:54:42,428:INFO:Initializing setup()
2022-12-11 17:54:42,428:INFO:setup(target=HeartDisease, ml_usecase=classification, available_plots={'parameter': 'Hyperparameters', 'auc': 'AUC', 'confusion_matrix': 'Confusion Matrix', 'threshold': 'Threshold', 'pr': 'Precision Recall', 'error': 'Prediction Error', 'class_report': 'Class Report', 'rfe': 'Feature Selection', 'learning': 'Learning Curve', 'manifold': 'Manifold Learning', 'calibration': 'Calibration Curve', 'vc': 'Validation Curve', 'dimension': 'Dimensions', 'feature': 'Feature Importance', 'feature_all': 'Feature Importance (All)', 'boundary': 'Decision Boundary', 'lift': 'Lift Chart', 'gain': 'Gain Chart', 'tree': 'Decision Tree', 'ks': 'KS Statistic Plot'}, train_size=0.7, test_data=None, preprocess=True, imputation_type=simple, iterative_imputation_iters=5, categorical_features=None, categorical_imputation=constant, categorical_iterative_imputer=lightgbm, ordinal_features=None, high_cardinality_features=None, high_cardinality_method=frequency, numeric_features=None, numeric_imputation=mean, numeric_iterative_imputer=lightgbm, date_features=None, ignore_features=None, normalize=False, normalize_method=zscore, transformation=False, transformation_method=yeo-johnson, handle_unknown_categorical=True, unknown_categorical_method=least_frequent, pca=False, pca_method=linear, pca_components=None, ignore_low_variance=False, combine_rare_levels=False, rare_level_threshold=0.1, bin_numeric_features=None, remove_outliers=False, outliers_threshold=0.05, remove_multicollinearity=False, multicollinearity_threshold=0.9, remove_perfect_collinearity=True, create_clusters=False, cluster_iter=20, polynomial_features=False, polynomial_degree=2, trigonometry_features=False, polynomial_threshold=0.1, group_features=None, group_names=None, feature_selection=False, feature_selection_threshold=0.8, feature_selection_method=classic, feature_interaction=False, feature_ratio=False, interaction_threshold=0.01, fix_imbalance=False, fix_imbalance_method=None, transform_target=False, transform_target_method=box-cox, data_split_shuffle=True, data_split_stratify=True, fold_strategy=stratifiedkfold, fold=10, fold_shuffle=False, fold_groups=None, n_jobs=-1, use_gpu=False, custom_pipeline=None, html=True, session_id=None, log_experiment=False, experiment_name=None, experiment_custom_tags=None, log_plots=False, log_profile=False, log_data=False, silent=False, verbose=True, profile=False, profile_kwargs=None, display=None)
2022-12-11 17:54:42,429:INFO:Checking environment
2022-12-11 17:54:42,447:INFO:python_version: 3.7.9
2022-12-11 17:54:42,451:INFO:python_build: ('default', 'Aug 31 2020 07:22:35')
2022-12-11 17:54:42,451:INFO:machine: x86_64
2022-12-11 17:54:42,451:INFO:platform: Darwin-20.6.0-x86_64-i386-64bit
2022-12-11 17:54:42,452:INFO:Memory: svmem(total=34359738368, available=17030234112, percent=50.4, used=16333430784, free=4971016192, active=12060114944, inactive=11053182976, wired=4273315840)
2022-12-11 17:54:42,471:INFO:Physical Core: 4
2022-12-11 17:54:42,473:INFO:Logical Core: 8
2022-12-11 17:54:42,473:INFO:Checking libraries
2022-12-11 17:54:42,473:INFO:pd==1.3.5
2022-12-11 17:54:42,473:INFO:numpy==1.21.5
2022-12-11 17:54:42,473:INFO:sklearn==1.0.2
2022-12-11 17:55:34,771:INFO:PyCaret Supervised Module
2022-12-11 17:55:34,771:INFO:ML Usecase: classification
2022-12-11 17:55:34,772:INFO:version 2.3.10
2022-12-11 17:55:34,772:INFO:Initializing setup()
2022-12-11 17:55:34,772:INFO:setup(target=HeartDisease, ml_usecase=classification, available_plots={'parameter': 'Hyperparameters', 'auc': 'AUC', 'confusion_matrix': 'Confusion Matrix', 'threshold': 'Threshold', 'pr': 'Precision Recall', 'error': 'Prediction Error', 'class_report': 'Class Report', 'rfe': 'Feature Selection', 'learning': 'Learning Curve', 'manifold': 'Manifold Learning', 'calibration': 'Calibration Curve', 'vc': 'Validation Curve', 'dimension': 'Dimensions', 'feature': 'Feature Importance', 'feature_all': 'Feature Importance (All)', 'boundary': 'Decision Boundary', 'lift': 'Lift Chart', 'gain': 'Gain Chart', 'tree': 'Decision Tree', 'ks': 'KS Statistic Plot'}, train_size=0.7, test_data=None, preprocess=True, imputation_type=simple, iterative_imputation_iters=5, categorical_features=None, categorical_imputation=constant, categorical_iterative_imputer=lightgbm, ordinal_features=None, high_cardinality_features=None, high_cardinality_method=frequency, numeric_features=None, numeric_imputation=mean, numeric_iterative_imputer=lightgbm, date_features=None, ignore_features=None, normalize=False, normalize_method=zscore, transformation=False, transformation_method=yeo-johnson, handle_unknown_categorical=True, unknown_categorical_method=least_frequent, pca=False, pca_method=linear, pca_components=None, ignore_low_variance=False, combine_rare_levels=False, rare_level_threshold=0.1, bin_numeric_features=None, remove_outliers=False, outliers_threshold=0.05, remove_multicollinearity=False, multicollinearity_threshold=0.9, remove_perfect_collinearity=True, create_clusters=False, cluster_iter=20, polynomial_features=False, polynomial_degree=2, trigonometry_features=False, polynomial_threshold=0.1, group_features=None, group_names=None, feature_selection=False, feature_selection_threshold=0.8, feature_selection_method=classic, feature_interaction=False, feature_ratio=False, interaction_threshold=0.01, fix_imbalance=False, fix_imbalance_method=None, transform_target=False, transform_target_method=box-cox, data_split_shuffle=True, data_split_stratify=True, fold_strategy=stratifiedkfold, fold=10, fold_shuffle=False, fold_groups=None, n_jobs=-1, use_gpu=False, custom_pipeline=None, html=True, session_id=None, log_experiment=False, experiment_name=None, experiment_custom_tags=None, log_plots=False, log_profile=False, log_data=False, silent=False, verbose=True, profile=False, profile_kwargs=None, display=None)
2022-12-11 17:55:34,772:INFO:Checking environment
2022-12-11 17:55:34,773:INFO:python_version: 3.7.9
2022-12-11 17:55:34,774:INFO:python_build: ('default', 'Aug 31 2020 07:22:35')
2022-12-11 17:55:34,774:INFO:machine: x86_64
2022-12-11 17:55:34,774:INFO:platform: Darwin-20.6.0-x86_64-i386-64bit
2022-12-11 17:55:34,774:INFO:Memory: svmem(total=34359738368, available=16938340352, percent=50.7, used=16424402944, free=4890128384, active=12044156928, inactive=11053240320, wired=4380246016)
2022-12-11 17:55:34,774:INFO:Physical Core: 4
2022-12-11 17:55:34,774:INFO:Logical Core: 8
2022-12-11 17:55:34,774:INFO:Checking libraries
2022-12-11 17:55:34,774:INFO:pd==1.3.5
2022-12-11 17:55:34,774:INFO:numpy==1.21.5
2022-12-11 17:55:34,774:INFO:sklearn==1.0.2
2022-12-11 17:56:10,028:INFO:PyCaret Supervised Module
2022-12-11 17:56:10,028:INFO:ML Usecase: classification
2022-12-11 17:56:10,028:INFO:version 2.3.10
2022-12-11 17:56:10,028:INFO:Initializing setup()
2022-12-11 17:56:10,029:INFO:setup(target=HeartDisease, ml_usecase=classification, available_plots={'parameter': 'Hyperparameters', 'auc': 'AUC', 'confusion_matrix': 'Confusion Matrix', 'threshold': 'Threshold', 'pr': 'Precision Recall', 'error': 'Prediction Error', 'class_report': 'Class Report', 'rfe': 'Feature Selection', 'learning': 'Learning Curve', 'manifold': 'Manifold Learning', 'calibration': 'Calibration Curve', 'vc': 'Validation Curve', 'dimension': 'Dimensions', 'feature': 'Feature Importance', 'feature_all': 'Feature Importance (All)', 'boundary': 'Decision Boundary', 'lift': 'Lift Chart', 'gain': 'Gain Chart', 'tree': 'Decision Tree', 'ks': 'KS Statistic Plot'}, train_size=0.7, test_data=None, preprocess=True, imputation_type=simple, iterative_imputation_iters=5, categorical_features=None, categorical_imputation=constant, categorical_iterative_imputer=lightgbm, ordinal_features=None, high_cardinality_features=None, high_cardinality_method=frequency, numeric_features=None, numeric_imputation=mean, numeric_iterative_imputer=lightgbm, date_features=None, ignore_features=None, normalize=False, normalize_method=zscore, transformation=False, transformation_method=yeo-johnson, handle_unknown_categorical=True, unknown_categorical_method=least_frequent, pca=False, pca_method=linear, pca_components=None, ignore_low_variance=False, combine_rare_levels=False, rare_level_threshold=0.1, bin_numeric_features=None, remove_outliers=False, outliers_threshold=0.05, remove_multicollinearity=False, multicollinearity_threshold=0.9, remove_perfect_collinearity=True, create_clusters=False, cluster_iter=20, polynomial_features=False, polynomial_degree=2, trigonometry_features=False, polynomial_threshold=0.1, group_features=None, group_names=None, feature_selection=False, feature_selection_threshold=0.8, feature_selection_method=classic, feature_interaction=False, feature_ratio=False, interaction_threshold=0.01, fix_imbalance=False, fix_imbalance_method=None, transform_target=False, transform_target_method=box-cox, data_split_shuffle=True, data_split_stratify=True, fold_strategy=stratifiedkfold, fold=10, fold_shuffle=False, fold_groups=None, n_jobs=-1, use_gpu=False, custom_pipeline=None, html=True, session_id=None, log_experiment=False, experiment_name=None, experiment_custom_tags=None, log_plots=False, log_profile=False, log_data=False, silent=False, verbose=True, profile=False, profile_kwargs=None, display=None)
2022-12-11 17:56:10,029:INFO:Checking environment
2022-12-11 17:56:10,029:INFO:python_version: 3.7.9
2022-12-11 17:56:10,029:INFO:python_build: ('default', 'Aug 31 2020 07:22:35')
2022-12-11 17:56:10,029:INFO:machine: x86_64
2022-12-11 17:56:10,029:INFO:platform: Darwin-20.6.0-x86_64-i386-64bit
2022-12-11 17:56:10,030:INFO:Memory: svmem(total=34359738368, available=17103908864, percent=50.2, used=16258322432, free=5108461568, active=11999322112, inactive=11024625664, wired=4259000320)
2022-12-11 17:56:10,030:INFO:Physical Core: 4
2022-12-11 17:56:10,030:INFO:Logical Core: 8
2022-12-11 17:56:10,030:INFO:Checking libraries
2022-12-11 17:56:10,030:INFO:pd==1.3.5
2022-12-11 17:56:10,030:INFO:numpy==1.21.5
2022-12-11 17:56:10,030:INFO:sklearn==1.0.2
2022-12-11 17:56:42,351:INFO:PyCaret Supervised Module
2022-12-11 17:56:42,351:INFO:ML Usecase: classification
2022-12-11 17:56:42,351:INFO:version 2.3.10
2022-12-11 17:56:42,351:INFO:Initializing setup()
2022-12-11 17:56:42,351:INFO:setup(target=HeartDisease, ml_usecase=classification, available_plots={'parameter': 'Hyperparameters', 'auc': 'AUC', 'confusion_matrix': 'Confusion Matrix', 'threshold': 'Threshold', 'pr': 'Precision Recall', 'error': 'Prediction Error', 'class_report': 'Class Report', 'rfe': 'Feature Selection', 'learning': 'Learning Curve', 'manifold': 'Manifold Learning', 'calibration': 'Calibration Curve', 'vc': 'Validation Curve', 'dimension': 'Dimensions', 'feature': 'Feature Importance', 'feature_all': 'Feature Importance (All)', 'boundary': 'Decision Boundary', 'lift': 'Lift Chart', 'gain': 'Gain Chart', 'tree': 'Decision Tree', 'ks': 'KS Statistic Plot'}, train_size=0.7, test_data=None, preprocess=True, imputation_type=simple, iterative_imputation_iters=5, categorical_features=None, categorical_imputation=constant, categorical_iterative_imputer=lightgbm, ordinal_features=None, high_cardinality_features=None, high_cardinality_method=frequency, numeric_features=None, numeric_imputation=mean, numeric_iterative_imputer=lightgbm, date_features=None, ignore_features=None, normalize=False, normalize_method=zscore, transformation=False, transformation_method=yeo-johnson, handle_unknown_categorical=True, unknown_categorical_method=least_frequent, pca=False, pca_method=linear, pca_components=None, ignore_low_variance=False, combine_rare_levels=False, rare_level_threshold=0.1, bin_numeric_features=None, remove_outliers=False, outliers_threshold=0.05, remove_multicollinearity=False, multicollinearity_threshold=0.9, remove_perfect_collinearity=True, create_clusters=False, cluster_iter=20, polynomial_features=False, polynomial_degree=2, trigonometry_features=False, polynomial_threshold=0.1, group_features=None, group_names=None, feature_selection=False, feature_selection_threshold=0.8, feature_selection_method=classic, feature_interaction=False, feature_ratio=False, interaction_threshold=0.01, fix_imbalance=False, fix_imbalance_method=None, transform_target=False, transform_target_method=box-cox, data_split_shuffle=True, data_split_stratify=True, fold_strategy=stratifiedkfold, fold=10, fold_shuffle=False, fold_groups=None, n_jobs=-1, use_gpu=False, custom_pipeline=None, html=True, session_id=None, log_experiment=False, experiment_name=None, experiment_custom_tags=None, log_plots=False, log_profile=False, log_data=False, silent=False, verbose=True, profile=False, profile_kwargs=None, display=None)
2022-12-11 17:56:42,351:INFO:Checking environment
2022-12-11 17:56:42,352:INFO:python_version: 3.7.9
2022-12-11 17:56:42,352:INFO:python_build: ('default', 'Aug 31 2020 07:22:35')
2022-12-11 17:56:42,352:INFO:machine: x86_64
2022-12-11 17:56:42,352:INFO:platform: Darwin-20.6.0-x86_64-i386-64bit
2022-12-11 17:56:42,352:INFO:Memory: svmem(total=34359738368, available=17058648064, percent=50.4, used=16303529984, free=5055811584, active=11998388224, inactive=11031547904, wired=4305141760)
2022-12-11 17:56:42,352:INFO:Physical Core: 4
2022-12-11 17:56:42,352:INFO:Logical Core: 8
2022-12-11 17:56:42,352:INFO:Checking libraries
2022-12-11 17:56:42,352:INFO:pd==1.3.5
2022-12-11 17:56:42,352:INFO:numpy==1.21.5
2022-12-11 17:56:42,353:INFO:sklearn==1.0.2
